This is pdfTeX, Version 3.14159265-2.6-1.40.20 (MiKTeX 2.9.7000 64-bit) (preloaded format=pdflatex 2019.4.18)  12 NOV 2019 12:59
entering extended mode
**./Cy_03_01_TD_P_01_IGS730.tex
(Cy_03_01_TD_P_01_IGS730.tex
LaTeX2e <2018-12-01>
! Undefined control sequence.
l.35 \iflivret
              
? x
 
Here is how much of TeX's memory you used:
 20 strings out of 492902
 412 string characters out of 3133550
 57345 words of memory out of 3000000
 4029 multiletter control sequences out of 15000+200000
 3640 words of font info for 14 fonts, out of 3000000 for 9000
 1141 hyphenation exceptions out of 8191
 5i,0n,1p,185b,8s stack positions out of 5000i,500n,10000p,200000b,50000s
No pages of output.
PDF statistics:
 0 PDF objects out of 1000 (max. 8388607)
 0 named destinations out of 1000 (max. 500000)
 1 words of extra memory for PDF output out of 10000 (max. 10000000)

